<?xml version="1.0" encoding="UTF-8"?>
<!-- Generated by org.testng.reporters.JUnitReportReporter -->
<testsuite skipped="0" hostname="oci-pc226" name="com.Testcase.Verify_data" tests="1" failures="0" timestamp="31 Aug 2019 00:14:03 GMT" time="19.582" errors="0">
  <testcase name="checkverify" time="19.582" classname="com.Testcase.Verify_data"/>
</testsuite> <!-- com.Testcase.Verify_data -->
